<?xml version="1.0" encoding="UTF-8"?>
<testng-results ignored="0" total="1" passed="1" failed="0" skipped="0">
  <reporter-output>
  </reporter-output>
  <suite started-at="2021-09-26T07:53:10 IST" name="Default suite" finished-at="2021-09-26T07:53:12 IST" duration-ms="1806">
    <groups>
    </groups>
    <test started-at="2021-09-26T07:53:10 IST" name="Default test" finished-at="2021-09-26T07:53:12 IST" duration-ms="1806">
      <class name="db.Test1">
        <test-method signature="demo()[pri:0, instance:db.Test1@2f54a33d]" started-at="2021-09-26T07:53:10 IST" name="demo" finished-at="2021-09-26T07:53:12 IST" duration-ms="1715" status="PASS">
          <reporter-output>
          </reporter-output>
        </test-method> <!-- demo -->
      </class> <!-- db.Test1 -->
    </test> <!-- Default test -->
  </suite> <!-- Default suite -->
</testng-results>
